<?xml version="1.0" encoding="UTF-8"?>
<!-- Generated by org.testng.reporters.JUnitReportReporter -->
<testsuite hostname="LAPTOP-B5SKJ6A5" failures="0" tests="1" name="Testngpkg.DragandDrop" time="1.526" errors="0" timestamp="2024-10-24T18:20:39 IST" skipped="0">
  <testcase classname="Testngpkg.DragandDrop" name="test" time="1.526"/>
  <system-out/>
</testsuite> <!-- Testngpkg.DragandDrop -->
