<?xml version="1.0" encoding="UTF-8"?>
<!-- Generated by org.testng.reporters.JUnitReportReporter -->
<testsuite hostname="LAPTOP-B5SKJ6A5" failures="0" tests="1" name="Testngpkg.AMAZONWINDOWHANDLER" time="92.917" errors="0" timestamp="2024-11-06T15:14:12 IST" skipped="0">
  <testcase classname="Testngpkg.AMAZONWINDOWHANDLER" name="amazon" time="92.917"/>
  <system-out/>
</testsuite> <!-- Testngpkg.AMAZONWINDOWHANDLER -->
