<?xml version="1.0" encoding="UTF-8"?>
<!-- Generated by org.testng.reporters.JUnitReportReporter -->
<testsuite hostname="LAPTOP-B5SKJ6A5" failures="0" tests="1" name="Testngpkg.Loginvalidation" time="3.331" errors="0" timestamp="2024-10-28T15:43:27 IST" skipped="0">
  <testcase classname="Testngpkg.Loginvalidation" name="Test" time="3.331"/>
  <system-out/>
</testsuite> <!-- Testngpkg.Loginvalidation -->
