<?xml version="1.0" encoding="UTF-8"?>
<!-- Generated by org.testng.reporters.JUnitReportReporter -->
<testsuite hostname="LAPTOP-B5SKJ6A5" failures="0" tests="1" name="Testngpkg.Windowhandle" time="3.865" errors="0" timestamp="2024-11-06T14:22:24 IST" skipped="0">
  <testcase classname="Testngpkg.Windowhandle" name="test" time="3.865"/>
  <system-out/>
</testsuite> <!-- Testngpkg.Windowhandle -->
