<?xml version="1.0" encoding="UTF-8"?>
<!-- Generated by org.testng.reporters.JUnitReportReporter -->
<testsuite hostname="LAPTOP-B5SKJ6A5" failures="0" tests="1" name="Testngpkg.Guru99" time="3.482" errors="0" timestamp="2024-10-23T15:26:45 IST" skipped="0">
  <testcase classname="Testngpkg.Guru99" name="test" time="3.482"/>
  <system-out/>
</testsuite> <!-- Testngpkg.Guru99 -->
