<?xml version="1.0" encoding="UTF-8"?>
<!-- Generated by org.testng.reporters.JUnitReportReporter -->
<testsuite hostname="LAPTOP-B5SKJ6A5" failures="0" tests="1" name="Testngpkg.Edittxtfield" time="0.187" errors="0" timestamp="2024-10-25T14:51:56 IST" skipped="0">
  <testcase classname="Testngpkg.Edittxtfield" name="test" time="0.187"/>
  <system-out/>
</testsuite> <!-- Testngpkg.Edittxtfield -->
