<?xml version="1.0" encoding="UTF-8"?>
<!-- Generated by org.testng.reporters.JUnitReportReporter -->
<testsuite hostname="LAPTOP-B5SKJ6A5" failures="0" tests="1" name="Testngpkg.paramitarised" time="0.011" errors="0" timestamp="2024-10-22T14:06:43 IST" skipped="0">
  <testcase classname="Testngpkg.paramitarised" name="test" time="0.011"/>
  <system-out/>
</testsuite> <!-- Testngpkg.paramitarised -->
