<?xml version="1.0" encoding="UTF-8"?>
<!-- Generated by org.testng.reporters.JUnitReportReporter -->
<testsuite hostname="LAPTOP-B5SKJ6A5" failures="0" tests="1" name="Testngpkg.Trivago" time="3.873" errors="0" timestamp="2024-10-30T13:44:51 IST" skipped="0">
  <testcase classname="Testngpkg.Trivago" name="datepicker" time="3.873"/>
  <system-out/>
</testsuite> <!-- Testngpkg.Trivago -->
