<?xml version="1.0" encoding="UTF-8"?>
<!-- Generated by org.testng.reporters.JUnitReportReporter -->
<testsuite hostname="LAPTOP-B5SKJ6A5" failures="0" tests="1" name="Testngpkg.Ebayshop" time="4.021" errors="0" timestamp="2024-10-24T14:34:54 IST" skipped="0">
  <testcase classname="Testngpkg.Ebayshop" name="test" time="4.021"/>
  <system-out/>
</testsuite> <!-- Testngpkg.Ebayshop -->
