<?xml version="1.0" encoding="UTF-8"?>
<!-- Generated by org.testng.reporters.JUnitReportReporter -->
<testsuite hostname="LAPTOP-B5SKJ6A5" failures="0" tests="6" name="Testngpkg.Testngclass" time="0.025" errors="0" timestamp="2024-10-18T14:50:24 IST" skipped="1">
  <testcase classname="Testngpkg.Testngclass" name="test3" time="0.010"/>
  <system-out/>
  <testcase classname="Testngpkg.Testngclass" name="test1" time="0.004"/>
  <system-out/>
  <testcase classname="Testngpkg.Testngclass" name="test1" time="0.004"/>
  <system-out/>
  <testcase classname="Testngpkg.Testngclass" name="test1" time="0.003"/>
  <system-out/>
  <testcase classname="Testngpkg.Testngclass" name="test2" time="0.004"/>
  <system-out/>
  <testcase classname="Testngpkg.Testngclass" name="test4">
    <skipped/>
  </testcase> <!-- test4 -->
  <system-out/>
</testsuite> <!-- Testngpkg.Testngclass -->
