<?xml version="1.0" encoding="UTF-8"?>
<!-- Generated by org.testng.reporters.JUnitReportReporter -->
<testsuite hostname="LAPTOP-B5SKJ6A5" failures="0" tests="1" name="Testngpkg.Fileupload$DragandDrop" time="11.225" errors="0" timestamp="2024-10-25T15:26:12 IST" skipped="0">
  <testcase classname="Testngpkg.Fileupload$DragandDrop" name="fileupload" time="11.225"/>
  <system-out/>
</testsuite> <!-- Testngpkg.Fileupload$DragandDrop -->
