<?xml version="1.0" encoding="UTF-8"?>
<!-- Generated by org.testng.reporters.JUnitReportReporter -->
<testsuite hostname="LAPTOP-B5SKJ6A5" failures="0" tests="2" name="Testngpkg.Crossbrowser1" time="6.106" errors="0" timestamp="2024-10-22T15:34:42 IST" skipped="0">
  <testcase classname="Testngpkg.Crossbrowser1" name="test" time="3.060"/>
  <system-out/>
  <testcase classname="Testngpkg.Crossbrowser1" name="test" time="3.046"/>
  <system-out/>
</testsuite> <!-- Testngpkg.Crossbrowser1 -->
