<?xml version="1.0" encoding="UTF-8"?>
<!-- Generated by org.testng.reporters.JUnitReportReporter -->
<testsuite hostname="LAPTOP-B5SKJ6A5" failures="0" tests="1" name="Testngpkg.Datepicker" time="1.253" errors="0" timestamp="2024-10-29T16:29:00 IST" skipped="0">
  <testcase classname="Testngpkg.Datepicker" name="datepicker" time="1.253"/>
  <system-out/>
</testsuite> <!-- Testngpkg.Datepicker -->
