<?xml version="1.0" encoding="UTF-8"?>
<!-- Generated by org.testng.reporters.JUnitReportReporter -->
<testsuite hostname="LAPTOP-B5SKJ6A5" failures="0" tests="1" name="Testngpkg.FileuploadautoIT" time="11.911" errors="0" timestamp="2024-10-25T16:28:40 IST" skipped="0">
  <testcase classname="Testngpkg.FileuploadautoIT" name="main" time="11.911"/>
  <system-out/>
</testsuite> <!-- Testngpkg.FileuploadautoIT -->
