<?xml version="1.0" encoding="UTF-8"?>
<!-- Generated by org.testng.reporters.JUnitReportReporter -->
<testsuite hostname="LAPTOP-B5SKJ6A5" failures="0" tests="4" name="Testngpkg.Ng2" time="0.351" errors="0" timestamp="2024-10-18T15:34:16 IST" skipped="0">
  <testcase classname="Testngpkg.Ng2" name="test2" time="0.245"/>
  <system-out/>
  <testcase classname="Testngpkg.Ng2" name="test" time="0.045"/>
  <system-out/>
  <testcase classname="Testngpkg.Ng2" name="test3" time="0.031"/>
  <system-out/>
  <testcase classname="Testngpkg.Ng2" name="test1" time="0.030"/>
  <system-out/>
</testsuite> <!-- Testngpkg.Ng2 -->
