<?xml version="1.0" encoding="UTF-8"?>
<!-- Generated by org.testng.reporters.JUnitReportReporter -->
<testsuite hostname="LAPTOP-B5SKJ6A5" failures="0" tests="1" name="Test.Fbcreatepagetest" time="2.158" errors="0" timestamp="2024-11-01T12:17:17 IST" skipped="0">
  <testcase classname="Test.Fbcreatepagetest" name="test" time="2.158"/>
  <system-out/>
</testsuite> <!-- Test.Fbcreatepagetest -->
