<?xml version="1.0" encoding="UTF-8"?>
<!-- Generated by org.testng.reporters.JUnitReportReporter -->
<testsuite hostname="LAPTOP-B5SKJ6A5" failures="0" tests="1" name="Testngpkg.Datadriver" time="3.637" errors="0" timestamp="2024-10-29T13:38:48 IST" skipped="0">
  <testcase classname="Testngpkg.Datadriver" name="Test" time="3.637"/>
  <system-out/>
</testsuite> <!-- Testngpkg.Datadriver -->
