<?xml version="1.0" encoding="UTF-8"?>
<!-- Generated by org.testng.reporters.JUnitReportReporter -->
<testsuite hostname="LAPTOP-B5SKJ6A5" failures="0" tests="1" name="Testngpkg.Actions1" time="15.625" errors="0" timestamp="2024-10-23T14:58:27 IST" skipped="0">
  <testcase classname="Testngpkg.Actions1" name="test" time="15.625"/>
  <system-out/>
</testsuite> <!-- Testngpkg.Actions1 -->
